# JRE version: Java(TM) SE Runtime Environment (11.0.1+13) (build 11.0.1+13-LTS)
# Java VM: Java HotSpot(TM) 64-Bit Server VM (11.0.1+13-LTS, mixed mode, tiered, compressed oops, g1 gc, windows-amd64)
Heap:
 garbage-first heap   total 131072K, used 48007K [0x0000000081800000, 0x0000000100000000)
  region size 1024K, 24 young (24576K), 2 survivors (2048K)
 Metaspace       used 15791K, capacity 16011K, committed 16256K, reserved 1064960K
  class space    used 1183K, capacity 1282K, committed 1408K, reserved 1048576K
GC Heap History (6 events):
Event: 1.625 GC heap before
{Heap before GC invocations=0 (full 0):
 garbage-first heap   total 131072K, used 16384K [0x0000000081800000, 0x0000000100000000)
  region size 1024K, 14 young (14336K), 0 survivors (0K)
 Metaspace       used 7301K, capacity 7410K, committed 7680K, reserved 1056768K
  class space    used 632K, capacity 681K, committed 768K, reserved 1048576K
}
Event: 1.642 GC heap after
{Heap after GC invocations=1 (full 0):
 garbage-first heap   total 131072K, used 6089K [0x0000000081800000, 0x0000000100000000)
  region size 1024K, 2 young (2048K), 2 survivors (2048K)
 Metaspace       used 7301K, capacity 7410K, committed 7680K, reserved 1056768K
  class space    used 632K, capacity 681K, committed 768K, reserved 1048576K
}
Event: 2.705 GC heap before
{Heap before GC invocations=1 (full 0):
 garbage-first heap   total 131072K, used 17353K [0x0000000081800000, 0x0000000100000000)
  region size 1024K, 13 young (13312K), 2 survivors (2048K)
 Metaspace       used 9707K, capacity 9842K, committed 10112K, reserved 1058816K
  class space    used 818K, capacity 882K, committed 896K, reserved 1048576K
}
Event: 2.710 GC heap after
{Heap after GC invocations=2 (full 0):
 garbage-first heap   total 131072K, used 6853K [0x0000000081800000, 0x0000000100000000)
  region size 1024K, 1 young (1024K), 1 survivors (1024K)
 Metaspace       used 9707K, capacity 9842K, committed 10112K, reserved 1058816K
  class space    used 818K, capacity 882K, committed 896K, reserved 1048576K
}
Event: 4.577 GC heap before
{Heap before GC invocations=2 (full 0):
 garbage-first heap   total 131072K, used 41669K [0x0000000081800000, 0x0000000100000000)
  region size 1024K, 29 young (29696K), 1 survivors (1024K)
 Metaspace       used 15732K, capacity 15945K, committed 16256K, reserved 1064960K
  class space    used 1175K, capacity 1281K, committed 1408K, reserved 1048576K
}
Event: 4.587 GC heap after
{Heap after GC invocations=3 (full 0):
 garbage-first heap   total 131072K, used 9095K [0x0000000081800000, 0x0000000100000000)
  region size 1024K, 2 young (2048K), 2 survivors (2048K)
 Metaspace       used 15732K, capacity 15945K, committed 16256K, reserved 1064960K
  class space    used 1175K, capacity 1281K, committed 1408K, reserved 1048576K
}

