# JRE version: Java(TM) SE Runtime Environment (11.0.1+13) (build 11.0.1+13-LTS)
# Java VM: Java HotSpot(TM) 64-Bit Server VM (11.0.1+13-LTS, mixed mode, tiered, compressed oops, g1 gc, windows-amd64)
Heap:
 garbage-first heap   total 131072K, used 25979K [0x0000000081800000, 0x0000000100000000)
  region size 1024K, 5 young (5120K), 1 survivors (1024K)
 Metaspace       used 15136K, capacity 15396K, committed 15616K, reserved 1062912K
  class space    used 1170K, capacity 1247K, committed 1280K, reserved 1048576K
GC Heap History (6 events):
Event: 2.455 GC heap before
{Heap before GC invocations=0 (full 0):
 garbage-first heap   total 131072K, used 16384K [0x0000000081800000, 0x0000000100000000)
  region size 1024K, 14 young (14336K), 0 survivors (0K)
 Metaspace       used 7324K, capacity 7474K, committed 7680K, reserved 1056768K
  class space    used 631K, capacity 681K, committed 768K, reserved 1048576K
}
Event: 2.568 GC heap after
{Heap after GC invocations=1 (full 0):
 garbage-first heap   total 131072K, used 6299K [0x0000000081800000, 0x0000000100000000)
  region size 1024K, 2 young (2048K), 2 survivors (2048K)
 Metaspace       used 7324K, capacity 7474K, committed 7680K, reserved 1056768K
  class space    used 631K, capacity 681K, committed 768K, reserved 1048576K
}
Event: 4.482 GC heap before
{Heap before GC invocations=1 (full 0):
 garbage-first heap   total 131072K, used 46235K [0x0000000081800000, 0x0000000100000000)
  region size 1024K, 39 young (39936K), 2 survivors (2048K)
 Metaspace       used 11857K, capacity 11993K, committed 12288K, reserved 1060864K
  class space    used 904K, capacity 980K, committed 1024K, reserved 1048576K
}
Event: 4.518 GC heap after
{Heap after GC invocations=2 (full 0):
 garbage-first heap   total 131072K, used 15641K [0x0000000081800000, 0x0000000100000000)
  region size 1024K, 5 young (5120K), 5 survivors (5120K)
 Metaspace       used 11857K, capacity 11993K, committed 12288K, reserved 1060864K
  class space    used 904K, capacity 980K, committed 1024K, reserved 1048576K
}
Event: 4.837 GC heap before
{Heap before GC invocations=2 (full 0):
 garbage-first heap   total 131072K, used 20761K [0x0000000081800000, 0x0000000100000000)
  region size 1024K, 10 young (10240K), 5 survivors (5120K)
 Metaspace       used 13294K, capacity 13476K, committed 13696K, reserved 1062912K
  class space    used 977K, capacity 1048K, committed 1152K, reserved 1048576K
}
Event: 4.860 GC heap after
{Heap after GC invocations=3 (full 0):
 garbage-first heap   total 131072K, used 16763K [0x0000000081800000, 0x0000000100000000)
  region size 1024K, 1 young (1024K), 1 survivors (1024K)
 Metaspace       used 13294K, capacity 13476K, committed 13696K, reserved 1062912K
  class space    used 977K, capacity 1048K, committed 1152K, reserved 1048576K
}

