# JRE version: Java(TM) SE Runtime Environment (11.0.1+13) (build 11.0.1+13-LTS)
# Java VM: Java HotSpot(TM) 64-Bit Server VM (11.0.1+13-LTS, mixed mode, tiered, compressed oops, g1 gc, windows-amd64)
Heap:
 garbage-first heap   total 131072K, used 25453K [0x0000000081800000, 0x0000000100000000)
  region size 1024K, 9 young (9216K), 4 survivors (4096K)
 Metaspace       used 15275K, capacity 15473K, committed 15616K, reserved 1062912K
  class space    used 1170K, capacity 1247K, committed 1280K, reserved 1048576K
GC Heap History (6 events):
Event: 1.689 GC heap before
{Heap before GC invocations=0 (full 0):
 garbage-first heap   total 131072K, used 16384K [0x0000000081800000, 0x0000000100000000)
  region size 1024K, 14 young (14336K), 0 survivors (0K)
 Metaspace       used 7363K, capacity 7533K, committed 7680K, reserved 1056768K
  class space    used 629K, capacity 678K, committed 768K, reserved 1048576K
}
Event: 1.908 GC heap after
{Heap after GC invocations=1 (full 0):
 garbage-first heap   total 131072K, used 6379K [0x0000000081800000, 0x0000000100000000)
  region size 1024K, 2 young (2048K), 2 survivors (2048K)
 Metaspace       used 7363K, capacity 7533K, committed 7680K, reserved 1056768K
  class space    used 629K, capacity 678K, committed 768K, reserved 1048576K
}
Event: 2.666 GC heap before
{Heap before GC invocations=1 (full 0):
 garbage-first heap   total 131072K, used 17643K [0x0000000081800000, 0x0000000100000000)
  region size 1024K, 13 young (13312K), 2 survivors (2048K)
 Metaspace       used 9677K, capacity 9793K, committed 10112K, reserved 1058816K
  class space    used 812K, capacity 850K, committed 896K, reserved 1048576K
}
Event: 2.671 GC heap after
{Heap after GC invocations=2 (full 0):
 garbage-first heap   total 131072K, used 6599K [0x0000000081800000, 0x0000000100000000)
  region size 1024K, 1 young (1024K), 1 survivors (1024K)
 Metaspace       used 9677K, capacity 9793K, committed 10112K, reserved 1058816K
  class space    used 812K, capacity 850K, committed 896K, reserved 1048576K
}
Event: 3.725 GC heap before
{Heap before GC invocations=2 (full 0):
 garbage-first heap   total 131072K, used 39367K [0x0000000081800000, 0x0000000100000000)
  region size 1024K, 31 young (31744K), 1 survivors (1024K)
 Metaspace       used 13369K, capacity 13548K, committed 13952K, reserved 1062912K
  class space    used 972K, capacity 1048K, committed 1152K, reserved 1048576K
}
Event: 3.755 GC heap after
{Heap after GC invocations=3 (full 0):
 garbage-first heap   total 131072K, used 15213K [0x0000000081800000, 0x0000000100000000)
  region size 1024K, 4 young (4096K), 4 survivors (4096K)
 Metaspace       used 13369K, capacity 13548K, committed 13952K, reserved 1062912K
  class space    used 972K, capacity 1048K, committed 1152K, reserved 1048576K
}

