# JRE version: Java(TM) SE Runtime Environment (11.0.1+13) (build 11.0.1+13-LTS)
# Java VM: Java HotSpot(TM) 64-Bit Server VM (11.0.1+13-LTS, mixed mode, tiered, compressed oops, g1 gc, windows-amd64)
Heap:
 garbage-first heap   total 131072K, used 25721K [0x0000000081800000, 0x0000000100000000)
  region size 1024K, 5 young (5120K), 1 survivors (1024K)
 Metaspace       used 15142K, capacity 15396K, committed 15616K, reserved 1062912K
  class space    used 1170K, capacity 1247K, committed 1280K, reserved 1048576K
GC Heap History (6 events):
Event: 1.191 GC heap before
{Heap before GC invocations=0 (full 0):
 garbage-first heap   total 131072K, used 16384K [0x0000000081800000, 0x0000000100000000)
  region size 1024K, 14 young (14336K), 0 survivors (0K)
 Metaspace       used 7300K, capacity 7410K, committed 7680K, reserved 1056768K
  class space    used 631K, capacity 681K, committed 768K, reserved 1048576K
}
Event: 1.233 GC heap after
{Heap after GC invocations=1 (full 0):
 garbage-first heap   total 131072K, used 6301K [0x0000000081800000, 0x0000000100000000)
  region size 1024K, 2 young (2048K), 2 survivors (2048K)
 Metaspace       used 7300K, capacity 7410K, committed 7680K, reserved 1056768K
  class space    used 631K, capacity 681K, committed 768K, reserved 1048576K
}
Event: 2.581 GC heap before
{Heap before GC invocations=1 (full 0):
 garbage-first heap   total 131072K, used 44189K [0x0000000081800000, 0x0000000100000000)
  region size 1024K, 37 young (37888K), 2 survivors (2048K)
 Metaspace       used 11842K, capacity 11993K, committed 12288K, reserved 1060864K
  class space    used 904K, capacity 980K, committed 1024K, reserved 1048576K
}
Event: 2.618 GC heap after
{Heap after GC invocations=2 (full 0):
 garbage-first heap   total 131072K, used 15594K [0x0000000081800000, 0x0000000100000000)
  region size 1024K, 5 young (5120K), 5 survivors (5120K)
 Metaspace       used 11842K, capacity 11993K, committed 12288K, reserved 1060864K
  class space    used 904K, capacity 980K, committed 1024K, reserved 1048576K
}
Event: 2.976 GC heap before
{Heap before GC invocations=2 (full 0):
 garbage-first heap   total 131072K, used 21738K [0x0000000081800000, 0x0000000100000000)
  region size 1024K, 11 young (11264K), 5 survivors (5120K)
 Metaspace       used 13699K, capacity 13919K, committed 14208K, reserved 1062912K
  class space    used 1017K, capacity 1091K, committed 1152K, reserved 1048576K
}
Event: 2.998 GC heap after
{Heap after GC invocations=3 (full 0):
 garbage-first heap   total 131072K, used 16505K [0x0000000081800000, 0x0000000100000000)
  region size 1024K, 1 young (1024K), 1 survivors (1024K)
 Metaspace       used 13699K, capacity 13919K, committed 14208K, reserved 1062912K
  class space    used 1017K, capacity 1091K, committed 1152K, reserved 1048576K
}

